<?xml version="1.0" encoding="UTF-8"?>
<!-- Generated by org.testng.reporters.JUnitReportReporter -->
<testsuite hostname="DESKTOP-SKRGRIP" failures="0" tests="23" name="Test_Cases.LinkedIn001" time="58.641" errors="0" timestamp="2025-07-17T16:21:43 IST" skipped="0">
  <testcase classname="Test_Cases.LinkedIn001" name="Fetchdata" time="57.012"/>
  <testcase classname="Test_Cases.LinkedIn001" name="analyseURLs" time="0.058"/>
  <testcase classname="Test_Cases.LinkedIn001" name="analyseURLs" time="0.077"/>
  <testcase classname="Test_Cases.LinkedIn001" name="analyseURLs" time="0.069"/>
  <testcase classname="Test_Cases.LinkedIn001" name="analyseURLs" time="0.060"/>
  <testcase classname="Test_Cases.LinkedIn001" name="analyseURLs" time="0.134"/>
  <testcase classname="Test_Cases.LinkedIn001" name="analyseURLs" time="0.063"/>
  <testcase classname="Test_Cases.LinkedIn001" name="analyseURLs" time="0.060"/>
  <testcase classname="Test_Cases.LinkedIn001" name="analyseURLs" time="0.103"/>
  <testcase classname="Test_Cases.LinkedIn001" name="analyseURLs" time="0.062"/>
  <testcase classname="Test_Cases.LinkedIn001" name="analyseURLs" time="0.063"/>
  <testcase classname="Test_Cases.LinkedIn001" name="analyseURLs" time="0.070"/>
  <testcase classname="Test_Cases.LinkedIn001" name="analyseURLs" time="0.055"/>
  <testcase classname="Test_Cases.LinkedIn001" name="analyseURLs" time="0.069"/>
  <testcase classname="Test_Cases.LinkedIn001" name="analyseURLs" time="0.076"/>
  <testcase classname="Test_Cases.LinkedIn001" name="analyseURLs" time="0.060"/>
  <testcase classname="Test_Cases.LinkedIn001" name="analyseURLs" time="0.057"/>
  <testcase classname="Test_Cases.LinkedIn001" name="analyseURLs" time="0.059"/>
  <testcase classname="Test_Cases.LinkedIn001" name="analyseURLs" time="0.057"/>
  <testcase classname="Test_Cases.LinkedIn001" name="analyseURLs" time="0.078"/>
  <testcase classname="Test_Cases.LinkedIn001" name="analyseURLs" time="0.071"/>
  <testcase classname="Test_Cases.LinkedIn001" name="analyseURLs" time="0.181"/>
  <testcase classname="Test_Cases.LinkedIn001" name="deleteExcelIfNoSheet" time="0.047"/>
</testsuite> <!-- Test_Cases.LinkedIn001 -->
