<?xml version="1.0" encoding="UTF-8"?>
<!-- Generated by org.testng.reporters.JUnitReportReporter -->
<testsuite hostname="DESKTOP-SKRGRIP" failures="0" tests="31" name="Test_Cases.LinkedIn002" time="106.583" errors="0" timestamp="2025-07-18T17:14:56 IST" skipped="0">
  <testcase classname="Test_Cases.LinkedIn002" name="Fetchdata" time="25.179"/>
  <testcase classname="Test_Cases.LinkedIn002" name="writeURLs" time="0.126"/>
  <testcase classname="Test_Cases.LinkedIn002" name="writeURLs" time="0.085"/>
  <testcase classname="Test_Cases.LinkedIn002" name="writeURLs" time="0.040"/>
  <testcase classname="Test_Cases.LinkedIn002" name="writeURLs" time="0.078"/>
  <testcase classname="Test_Cases.LinkedIn002" name="writeURLs" time="0.115"/>
  <testcase classname="Test_Cases.LinkedIn002" name="writeURLs" time="0.145"/>
  <testcase classname="Test_Cases.LinkedIn002" name="writeURLs" time="0.067"/>
  <testcase classname="Test_Cases.LinkedIn002" name="writeURLs" time="0.116"/>
  <testcase classname="Test_Cases.LinkedIn002" name="writeURLs" time="0.081"/>
  <testcase classname="Test_Cases.LinkedIn002" name="writeURLs" time="0.091"/>
  <testcase classname="Test_Cases.LinkedIn002" name="writeURLs" time="0.100"/>
  <testcase classname="Test_Cases.LinkedIn002" name="writeURLs" time="0.069"/>
  <testcase classname="Test_Cases.LinkedIn002" name="writeURLs" time="0.092"/>
  <testcase classname="Test_Cases.LinkedIn002" name="writeURLs" time="0.079"/>
  <testcase classname="Test_Cases.LinkedIn002" name="writeURLs" time="0.074"/>
  <testcase classname="Test_Cases.LinkedIn002" name="deleteExcelIfNoSheet" time="0.042"/>
  <testcase classname="Test_Cases.LinkedIn002" name="analyseURLs" time="5.365"/>
  <testcase classname="Test_Cases.LinkedIn002" name="analyseURLs" time="7.792"/>
  <testcase classname="Test_Cases.LinkedIn002" name="analyseURLs" time="4.512"/>
  <testcase classname="Test_Cases.LinkedIn002" name="analyseURLs" time="5.526"/>
  <testcase classname="Test_Cases.LinkedIn002" name="analyseURLs" time="5.367"/>
  <testcase classname="Test_Cases.LinkedIn002" name="analyseURLs" time="5.220"/>
  <testcase classname="Test_Cases.LinkedIn002" name="analyseURLs" time="5.337"/>
  <testcase classname="Test_Cases.LinkedIn002" name="analyseURLs" time="4.621"/>
  <testcase classname="Test_Cases.LinkedIn002" name="analyseURLs" time="6.885"/>
  <testcase classname="Test_Cases.LinkedIn002" name="analyseURLs" time="5.567"/>
  <testcase classname="Test_Cases.LinkedIn002" name="analyseURLs" time="7.150"/>
  <testcase classname="Test_Cases.LinkedIn002" name="analyseURLs" time="5.820"/>
  <testcase classname="Test_Cases.LinkedIn002" name="analyseURLs" time="5.505"/>
  <testcase classname="Test_Cases.LinkedIn002" name="analyseURLs" time="5.337"/>
</testsuite> <!-- Test_Cases.LinkedIn002 -->
