<?xml version="1.0" encoding="UTF-8"?>
<!-- Generated by org.testng.reporters.JUnitReportReporter -->
<testsuite hostname="DESKTOP-SKRGRIP" failures="0" tests="6" name="Linked_Company_Filtration.LinkedIn_Com_001" time="165.356" errors="0" timestamp="2025-07-22T19:03:15 IST" skipped="0">
  <testcase classname="Linked_Company_Filtration.LinkedIn_Com_001" name="Fetchdata" time="38.786"/>
  <testcase classname="Linked_Company_Filtration.LinkedIn_Com_001" name="analyseURLs" time="22.141"/>
  <testcase classname="Linked_Company_Filtration.LinkedIn_Com_001" name="analyseURLs" time="26.305"/>
  <testcase classname="Linked_Company_Filtration.LinkedIn_Com_001" name="analyseURLs" time="25.903"/>
  <testcase classname="Linked_Company_Filtration.LinkedIn_Com_001" name="analyseURLs" time="25.827"/>
  <testcase classname="Linked_Company_Filtration.LinkedIn_Com_001" name="analyseURLs" time="26.394"/>
</testsuite> <!-- Linked_Company_Filtration.LinkedIn_Com_001 -->
