<?xml version="1.0" encoding="UTF-8"?>
<!-- Generated by org.testng.reporters.JUnitReportReporter -->
<testsuite hostname="DESKTOP-SKRGRIP" failures="0" tests="17" name="Google_Search_Operator_Filtration.Google_Search_001" time="246.198" errors="0" timestamp="2025-07-24T11:16:06 IST" skipped="0">
  <testcase classname="Google_Search_Operator_Filtration.Google_Search_001" name="Fetchdata" time="25.465"/>
  <testcase classname="Google_Search_Operator_Filtration.Google_Search_001" name="analyseURLs" time="18.042"/>
  <testcase classname="Google_Search_Operator_Filtration.Google_Search_001" name="analyseURLs" time="23.043"/>
  <testcase classname="Google_Search_Operator_Filtration.Google_Search_001" name="analyseURLs" time="0.001"/>
  <testcase classname="Google_Search_Operator_Filtration.Google_Search_001" name="analyseURLs" time="22.840"/>
  <testcase classname="Google_Search_Operator_Filtration.Google_Search_001" name="analyseURLs" time="14.899"/>
  <testcase classname="Google_Search_Operator_Filtration.Google_Search_001" name="analyseURLs" time="0.001"/>
  <testcase classname="Google_Search_Operator_Filtration.Google_Search_001" name="analyseURLs" time="25.853"/>
  <testcase classname="Google_Search_Operator_Filtration.Google_Search_001" name="analyseURLs" time="0.001"/>
  <testcase classname="Google_Search_Operator_Filtration.Google_Search_001" name="analyseURLs" time="20.589"/>
  <testcase classname="Google_Search_Operator_Filtration.Google_Search_001" name="analyseURLs" time="22.815"/>
  <testcase classname="Google_Search_Operator_Filtration.Google_Search_001" name="analyseURLs" time="0.005"/>
  <testcase classname="Google_Search_Operator_Filtration.Google_Search_001" name="analyseURLs" time="24.823"/>
  <testcase classname="Google_Search_Operator_Filtration.Google_Search_001" name="analyseURLs" time="22.673"/>
  <testcase classname="Google_Search_Operator_Filtration.Google_Search_001" name="analyseURLs" time="23.365"/>
  <testcase classname="Google_Search_Operator_Filtration.Google_Search_001" name="deleteExcelIfNoSheet" time="0.109"/>
  <testcase classname="Google_Search_Operator_Filtration.Google_Search_001" name="signOut" time="1.674"/>
</testsuite> <!-- Google_Search_Operator_Filtration.Google_Search_001 -->
