<?xml version="1.0" encoding="UTF-8"?>
<!-- Generated by org.testng.reporters.JUnitReportReporter -->
<testsuite hostname="DESKTOP-SKRGRIP" failures="0" tests="35" name="Test_Cases.LinkedIn003" time="92.822" errors="0" timestamp="2025-07-21T15:59:13 IST" skipped="0">
  <testcase classname="Test_Cases.LinkedIn003" name="Fetchdata" time="43.525"/>
  <testcase classname="Test_Cases.LinkedIn003" name="writeURLs" time="0.052"/>
  <testcase classname="Test_Cases.LinkedIn003" name="writeURLs" time="0.040"/>
  <testcase classname="Test_Cases.LinkedIn003" name="writeURLs" time="0.061"/>
  <testcase classname="Test_Cases.LinkedIn003" name="writeURLs" time="0.040"/>
  <testcase classname="Test_Cases.LinkedIn003" name="writeURLs" time="0.035"/>
  <testcase classname="Test_Cases.LinkedIn003" name="writeURLs" time="0.039"/>
  <testcase classname="Test_Cases.LinkedIn003" name="writeURLs" time="0.059"/>
  <testcase classname="Test_Cases.LinkedIn003" name="writeURLs" time="0.050"/>
  <testcase classname="Test_Cases.LinkedIn003" name="writeURLs" time="0.039"/>
  <testcase classname="Test_Cases.LinkedIn003" name="writeURLs" time="0.038"/>
  <testcase classname="Test_Cases.LinkedIn003" name="writeURLs" time="0.041"/>
  <testcase classname="Test_Cases.LinkedIn003" name="writeURLs" time="0.089"/>
  <testcase classname="Test_Cases.LinkedIn003" name="writeURLs" time="0.043"/>
  <testcase classname="Test_Cases.LinkedIn003" name="writeURLs" time="0.078"/>
  <testcase classname="Test_Cases.LinkedIn003" name="writeURLs" time="0.055"/>
  <testcase classname="Test_Cases.LinkedIn003" name="writeURLs" time="0.035"/>
  <testcase classname="Test_Cases.LinkedIn003" name="writeURLs" time="0.040"/>
  <testcase classname="Test_Cases.LinkedIn003" name="writeURLs" time="0.062"/>
  <testcase classname="Test_Cases.LinkedIn003" name="writeURLs" time="0.035"/>
  <testcase classname="Test_Cases.LinkedIn003" name="writeURLs" time="0.030"/>
  <testcase classname="Test_Cases.LinkedIn003" name="writeURLs" time="0.057"/>
  <testcase classname="Test_Cases.LinkedIn003" name="writeURLs" time="0.053"/>
  <testcase classname="Test_Cases.LinkedIn003" name="writeURLs" time="0.060"/>
  <testcase classname="Test_Cases.LinkedIn003" name="writeURLs" time="0.037"/>
  <testcase classname="Test_Cases.LinkedIn003" name="deleteExcelIfNoSheet" time="0.217"/>
  <testcase classname="Test_Cases.LinkedIn003" name="analyseURLs" time="5.567"/>
  <testcase classname="Test_Cases.LinkedIn003" name="analyseURLs" time="4.769"/>
  <testcase classname="Test_Cases.LinkedIn003" name="analyseURLs" time="5.193"/>
  <testcase classname="Test_Cases.LinkedIn003" name="analyseURLs" time="5.113"/>
  <testcase classname="Test_Cases.LinkedIn003" name="analyseURLs" time="5.549"/>
  <testcase classname="Test_Cases.LinkedIn003" name="analyseURLs" time="4.542"/>
  <testcase classname="Test_Cases.LinkedIn003" name="analyseURLs" time="5.309"/>
  <testcase classname="Test_Cases.LinkedIn003" name="analyseURLs" time="5.899"/>
  <testcase classname="Test_Cases.LinkedIn003" name="analyseURLs" time="5.971"/>
</testsuite> <!-- Test_Cases.LinkedIn003 -->
